27-Oct-2021 08:49:47.732 INFO [main] org.apache.catalina.startup.VersionLoggerListener.log Server version name:   Apache Tomcat/9.0.54
27-Oct-2021 08:49:47.734 INFO [main] org.apache.catalina.startup.VersionLoggerListener.log Server built:          Sep 28 2021 13:51:49 UTC
27-Oct-2021 08:49:47.734 INFO [main] org.apache.catalina.startup.VersionLoggerListener.log Server version number: 9.0.54.0
27-Oct-2021 08:49:47.735 INFO [main] org.apache.catalina.startup.VersionLoggerListener.log OS Name:               Linux
27-Oct-2021 08:49:47.735 INFO [main] org.apache.catalina.startup.VersionLoggerListener.log OS Version:            5.14.14-arch1-1
27-Oct-2021 08:49:47.735 INFO [main] org.apache.catalina.startup.VersionLoggerListener.log Architecture:          amd64
27-Oct-2021 08:49:47.735 INFO [main] org.apache.catalina.startup.VersionLoggerListener.log Java Home:             /usr/lib/jvm/java-17-openjdk
27-Oct-2021 08:49:47.735 INFO [main] org.apache.catalina.startup.VersionLoggerListener.log JVM Version:           17+35
27-Oct-2021 08:49:47.735 INFO [main] org.apache.catalina.startup.VersionLoggerListener.log JVM Vendor:            Oracle Corporation
27-Oct-2021 08:49:47.735 INFO [main] org.apache.catalina.startup.VersionLoggerListener.log CATALINA_BASE:         /home/pengrey/Work/UA/IES/P/IES_98475/lab2/lab2_1/apache-tomcat-9.0.54
27-Oct-2021 08:49:47.735 INFO [main] org.apache.catalina.startup.VersionLoggerListener.log CATALINA_HOME:         /home/pengrey/Work/UA/IES/P/IES_98475/lab2/lab2_1/apache-tomcat-9.0.54
27-Oct-2021 08:49:47.748 INFO [main] org.apache.catalina.startup.VersionLoggerListener.log Command line argument: --add-opens=java.base/java.lang=ALL-UNNAMED
27-Oct-2021 08:49:47.748 INFO [main] org.apache.catalina.startup.VersionLoggerListener.log Command line argument: --add-opens=java.base/java.io=ALL-UNNAMED
27-Oct-2021 08:49:47.748 INFO [main] org.apache.catalina.startup.VersionLoggerListener.log Command line argument: --add-opens=java.base/java.util=ALL-UNNAMED
27-Oct-2021 08:49:47.748 INFO [main] org.apache.catalina.startup.VersionLoggerListener.log Command line argument: --add-opens=java.base/java.util.concurrent=ALL-UNNAMED
27-Oct-2021 08:49:47.748 INFO [main] org.apache.catalina.startup.VersionLoggerListener.log Command line argument: --add-opens=java.rmi/sun.rmi.transport=ALL-UNNAMED
27-Oct-2021 08:49:47.748 INFO [main] org.apache.catalina.startup.VersionLoggerListener.log Command line argument: -Djava.util.logging.config.file=/home/pengrey/Work/UA/IES/P/IES_98475/lab2/lab2_1/apache-tomcat-9.0.54/conf/logging.properties
27-Oct-2021 08:49:47.748 INFO [main] org.apache.catalina.startup.VersionLoggerListener.log Command line argument: -Djava.util.logging.manager=org.apache.juli.ClassLoaderLogManager
27-Oct-2021 08:49:47.748 INFO [main] org.apache.catalina.startup.VersionLoggerListener.log Command line argument: -Djdk.tls.ephemeralDHKeySize=2048
27-Oct-2021 08:49:47.748 INFO [main] org.apache.catalina.startup.VersionLoggerListener.log Command line argument: -Djava.protocol.handler.pkgs=org.apache.catalina.webresources
27-Oct-2021 08:49:47.748 INFO [main] org.apache.catalina.startup.VersionLoggerListener.log Command line argument: -Dorg.apache.catalina.security.SecurityListener.UMASK=0027
27-Oct-2021 08:49:47.748 INFO [main] org.apache.catalina.startup.VersionLoggerListener.log Command line argument: -Dignore.endorsed.dirs=
27-Oct-2021 08:49:47.748 INFO [main] org.apache.catalina.startup.VersionLoggerListener.log Command line argument: -Dcatalina.base=/home/pengrey/Work/UA/IES/P/IES_98475/lab2/lab2_1/apache-tomcat-9.0.54
27-Oct-2021 08:49:47.748 INFO [main] org.apache.catalina.startup.VersionLoggerListener.log Command line argument: -Dcatalina.home=/home/pengrey/Work/UA/IES/P/IES_98475/lab2/lab2_1/apache-tomcat-9.0.54
27-Oct-2021 08:49:47.749 INFO [main] org.apache.catalina.startup.VersionLoggerListener.log Command line argument: -Djava.io.tmpdir=/home/pengrey/Work/UA/IES/P/IES_98475/lab2/lab2_1/apache-tomcat-9.0.54/temp
27-Oct-2021 08:49:47.749 INFO [main] org.apache.catalina.core.AprLifecycleListener.lifecycleEvent The Apache Tomcat Native library which allows using OpenSSL was not found on the java.library.path: [/usr/java/packages/lib:/usr/lib64:/lib64:/lib:/usr/lib]
27-Oct-2021 08:49:47.940 INFO [main] org.apache.coyote.AbstractProtocol.init Initializing ProtocolHandler ["http-nio-8080"]
27-Oct-2021 08:49:47.957 INFO [main] org.apache.catalina.startup.Catalina.load Server initialization in [341] milliseconds
27-Oct-2021 08:49:47.983 INFO [main] org.apache.catalina.core.StandardService.startInternal Starting service [Catalina]
27-Oct-2021 08:49:47.984 INFO [main] org.apache.catalina.core.StandardEngine.startInternal Starting Servlet engine: [Apache Tomcat/9.0.54]
27-Oct-2021 08:49:47.993 INFO [main] org.apache.catalina.startup.HostConfig.deployWAR Deploying web application archive [/home/pengrey/Work/UA/IES/P/IES_98475/lab2/lab2_1/apache-tomcat-9.0.54/webapps/Webapp-1.0-SNAPSHOT.war]
27-Oct-2021 08:49:48.143 INFO [main] org.apache.catalina.startup.HostConfig.deployWAR Deployment of web application archive [/home/pengrey/Work/UA/IES/P/IES_98475/lab2/lab2_1/apache-tomcat-9.0.54/webapps/Webapp-1.0-SNAPSHOT.war] has finished in [150] ms
27-Oct-2021 08:49:48.144 INFO [main] org.apache.catalina.startup.HostConfig.deployDirectory Deploying web application directory [/home/pengrey/Work/UA/IES/P/IES_98475/lab2/lab2_1/apache-tomcat-9.0.54/webapps/ROOT]
27-Oct-2021 08:49:48.155 INFO [main] org.apache.catalina.startup.HostConfig.deployDirectory Deployment of web application directory [/home/pengrey/Work/UA/IES/P/IES_98475/lab2/lab2_1/apache-tomcat-9.0.54/webapps/ROOT] has finished in [12] ms
27-Oct-2021 08:49:48.156 INFO [main] org.apache.catalina.startup.HostConfig.deployDirectory Deploying web application directory [/home/pengrey/Work/UA/IES/P/IES_98475/lab2/lab2_1/apache-tomcat-9.0.54/webapps/docs]
27-Oct-2021 08:49:48.166 INFO [main] org.apache.catalina.startup.HostConfig.deployDirectory Deployment of web application directory [/home/pengrey/Work/UA/IES/P/IES_98475/lab2/lab2_1/apache-tomcat-9.0.54/webapps/docs] has finished in [10] ms
27-Oct-2021 08:49:48.166 INFO [main] org.apache.catalina.startup.HostConfig.deployDirectory Deploying web application directory [/home/pengrey/Work/UA/IES/P/IES_98475/lab2/lab2_1/apache-tomcat-9.0.54/webapps/examples]
27-Oct-2021 08:49:48.355 INFO [main] org.apache.catalina.startup.HostConfig.deployDirectory Deployment of web application directory [/home/pengrey/Work/UA/IES/P/IES_98475/lab2/lab2_1/apache-tomcat-9.0.54/webapps/examples] has finished in [189] ms
27-Oct-2021 08:49:48.355 INFO [main] org.apache.catalina.startup.HostConfig.deployDirectory Deploying web application directory [/home/pengrey/Work/UA/IES/P/IES_98475/lab2/lab2_1/apache-tomcat-9.0.54/webapps/host-manager]
27-Oct-2021 08:49:48.376 INFO [main] org.apache.catalina.startup.HostConfig.deployDirectory Deployment of web application directory [/home/pengrey/Work/UA/IES/P/IES_98475/lab2/lab2_1/apache-tomcat-9.0.54/webapps/host-manager] has finished in [21] ms
27-Oct-2021 08:49:48.376 INFO [main] org.apache.catalina.startup.HostConfig.deployDirectory Deploying web application directory [/home/pengrey/Work/UA/IES/P/IES_98475/lab2/lab2_1/apache-tomcat-9.0.54/webapps/manager]
27-Oct-2021 08:49:48.395 INFO [main] org.apache.catalina.startup.HostConfig.deployDirectory Deployment of web application directory [/home/pengrey/Work/UA/IES/P/IES_98475/lab2/lab2_1/apache-tomcat-9.0.54/webapps/manager] has finished in [19] ms
27-Oct-2021 08:49:48.397 INFO [main] org.apache.coyote.AbstractProtocol.start Starting ProtocolHandler ["http-nio-8080"]
27-Oct-2021 08:49:48.404 INFO [main] org.apache.catalina.startup.Catalina.start Server startup in [446] milliseconds
27-Oct-2021 08:51:00.832 INFO [http-nio-8080-exec-10] org.apache.catalina.util.LifecycleBase.stop The stop() method was called on component [StandardEngine[Catalina].StandardHost[localhost].StandardContext[/Webapp-1.0-SNAPSHOT]] after stop() had already been called. The second call will be ignored.
27-Oct-2021 08:51:01.334 INFO [http-nio-8080-exec-10] org.apache.catalina.startup.HostConfig.undeploy Undeploying context [/Webapp-1.0-SNAPSHOT]
27-Oct-2021 08:51:12.056 INFO [http-nio-8080-exec-11] org.apache.catalina.startup.HostConfig.deployWAR Deploying web application archive [/home/pengrey/Work/UA/IES/P/IES_98475/lab2/lab2_1/apache-tomcat-9.0.54/webapps/Webapp-1.0-SNAPSHOT.war]
27-Oct-2021 08:51:12.078 INFO [http-nio-8080-exec-11] org.apache.catalina.startup.HostConfig.deployWAR Deployment of web application archive [/home/pengrey/Work/UA/IES/P/IES_98475/lab2/lab2_1/apache-tomcat-9.0.54/webapps/Webapp-1.0-SNAPSHOT.war] has finished in [22] ms
27-Oct-2021 09:06:30.629 INFO [http-nio-8080-exec-13] org.apache.catalina.startup.HostConfig.undeploy Undeploying context [/Webapp-1.0-SNAPSHOT]
27-Oct-2021 09:06:42.016 INFO [http-nio-8080-exec-17] org.apache.catalina.startup.HostConfig.deployWAR Deploying web application archive [/home/pengrey/Work/UA/IES/P/IES_98475/lab2/lab2_1/apache-tomcat-9.0.54/webapps/Webapp-1.0-SNAPSHOT.war]
27-Oct-2021 09:06:42.036 INFO [http-nio-8080-exec-17] org.apache.catalina.startup.HostConfig.deployWAR Deployment of web application archive [/home/pengrey/Work/UA/IES/P/IES_98475/lab2/lab2_1/apache-tomcat-9.0.54/webapps/Webapp-1.0-SNAPSHOT.war] has finished in [19] ms
27-Oct-2021 09:09:12.262 INFO [http-nio-8080-exec-21] org.apache.catalina.startup.HostConfig.undeploy Undeploying context [/Webapp-1.0-SNAPSHOT]
27-Oct-2021 09:09:21.473 INFO [http-nio-8080-exec-18] org.apache.catalina.startup.HostConfig.deployWAR Deploying web application archive [/home/pengrey/Work/UA/IES/P/IES_98475/lab2/lab2_1/apache-tomcat-9.0.54/webapps/Webapp-1.0-SNAPSHOT.war]
27-Oct-2021 09:09:21.489 INFO [http-nio-8080-exec-18] org.apache.catalina.startup.HostConfig.deployWAR Deployment of web application archive [/home/pengrey/Work/UA/IES/P/IES_98475/lab2/lab2_1/apache-tomcat-9.0.54/webapps/Webapp-1.0-SNAPSHOT.war] has finished in [15] ms
27-Oct-2021 09:10:45.949 INFO [http-nio-8080-exec-29] org.apache.catalina.startup.HostConfig.undeploy Undeploying context [/Webapp-1.0-SNAPSHOT]
27-Oct-2021 09:10:52.775 INFO [http-nio-8080-exec-31] org.apache.catalina.startup.HostConfig.deployWAR Deploying web application archive [/home/pengrey/Work/UA/IES/P/IES_98475/lab2/lab2_1/apache-tomcat-9.0.54/webapps/Webapp-1.0-SNAPSHOT.war]
27-Oct-2021 09:10:52.791 INFO [http-nio-8080-exec-31] org.apache.catalina.startup.HostConfig.deployWAR Deployment of web application archive [/home/pengrey/Work/UA/IES/P/IES_98475/lab2/lab2_1/apache-tomcat-9.0.54/webapps/Webapp-1.0-SNAPSHOT.war] has finished in [16] ms
27-Oct-2021 09:13:12.575 INFO [http-nio-8080-exec-33] org.apache.catalina.startup.HostConfig.undeploy Undeploying context [/Webapp-1.0-SNAPSHOT]
27-Oct-2021 09:13:18.809 INFO [http-nio-8080-exec-27] org.apache.catalina.startup.HostConfig.deployWAR Deploying web application archive [/home/pengrey/Work/UA/IES/P/IES_98475/lab2/lab2_1/apache-tomcat-9.0.54/webapps/Webapp-1.0-SNAPSHOT.war]
27-Oct-2021 09:13:18.820 INFO [http-nio-8080-exec-27] org.apache.catalina.startup.HostConfig.deployWAR Deployment of web application archive [/home/pengrey/Work/UA/IES/P/IES_98475/lab2/lab2_1/apache-tomcat-9.0.54/webapps/Webapp-1.0-SNAPSHOT.war] has finished in [11] ms
27-Oct-2021 09:14:41.153 INFO [Thread-2] org.apache.coyote.AbstractProtocol.pause Pausing ProtocolHandler ["http-nio-8080"]
27-Oct-2021 09:14:41.158 INFO [Thread-2] org.apache.catalina.core.StandardService.stopInternal Stopping service [Catalina]
27-Oct-2021 09:14:41.194 INFO [Thread-2] org.apache.coyote.AbstractProtocol.stop Stopping ProtocolHandler ["http-nio-8080"]
27-Oct-2021 09:14:41.211 INFO [Thread-2] org.apache.coyote.AbstractProtocol.destroy Destroying ProtocolHandler ["http-nio-8080"]
