26-Oct-2021 14:39:11.408 INFO [main] org.apache.catalina.core.ApplicationContext.log ContextListener: contextInitialized()
26-Oct-2021 14:39:11.408 INFO [main] org.apache.catalina.core.ApplicationContext.log SessionListener: contextInitialized()
26-Oct-2021 14:39:11.408 INFO [main] org.apache.catalina.core.ApplicationContext.log ContextListener: attributeAdded('StockTicker', 'async.Stockticker@581d969c')
26-Oct-2021 14:55:01.760 INFO [Thread-2] org.apache.catalina.core.ApplicationContext.log SessionListener: contextDestroyed()
26-Oct-2021 14:55:01.760 INFO [Thread-2] org.apache.catalina.core.ApplicationContext.log ContextListener: contextDestroyed()
26-Oct-2021 14:57:23.636 INFO [main] org.apache.catalina.core.ApplicationContext.log ContextListener: contextInitialized()
26-Oct-2021 14:57:23.636 INFO [main] org.apache.catalina.core.ApplicationContext.log SessionListener: contextInitialized()
26-Oct-2021 14:57:23.637 INFO [main] org.apache.catalina.core.ApplicationContext.log ContextListener: attributeAdded('StockTicker', 'async.Stockticker@6c451c9c')
26-Oct-2021 15:04:02.645 INFO [main] org.apache.catalina.core.ApplicationContext.log ContextListener: contextInitialized()
26-Oct-2021 15:04:02.645 INFO [main] org.apache.catalina.core.ApplicationContext.log SessionListener: contextInitialized()
26-Oct-2021 15:04:02.647 INFO [main] org.apache.catalina.core.ApplicationContext.log ContextListener: attributeAdded('StockTicker', 'async.Stockticker@473b3b7a')
26-Oct-2021 15:04:02.710 INFO [main] org.apache.catalina.core.ApplicationContext.log SessionListener: contextDestroyed()
26-Oct-2021 15:04:02.710 INFO [main] org.apache.catalina.core.ApplicationContext.log ContextListener: contextDestroyed()
26-Oct-2021 16:00:28.809 INFO [Thread-2] org.apache.catalina.core.ApplicationContext.log SessionListener: contextDestroyed()
26-Oct-2021 16:00:28.809 INFO [Thread-2] org.apache.catalina.core.ApplicationContext.log ContextListener: contextDestroyed()
26-Oct-2021 17:53:38.574 INFO [main] org.apache.catalina.core.ApplicationContext.log ContextListener: contextInitialized()
26-Oct-2021 17:53:38.574 INFO [main] org.apache.catalina.core.ApplicationContext.log SessionListener: contextInitialized()
26-Oct-2021 17:53:38.575 INFO [main] org.apache.catalina.core.ApplicationContext.log ContextListener: attributeAdded('StockTicker', 'async.Stockticker@5305c37d')
26-Oct-2021 18:28:17.886 INFO [Thread-2] org.apache.catalina.core.ApplicationContext.log SessionListener: contextDestroyed()
26-Oct-2021 18:28:17.886 INFO [Thread-2] org.apache.catalina.core.ApplicationContext.log ContextListener: contextDestroyed()
26-Oct-2021 18:53:38.035 INFO [main] org.apache.catalina.core.ApplicationContext.log ContextListener: contextInitialized()
26-Oct-2021 18:53:38.035 INFO [main] org.apache.catalina.core.ApplicationContext.log SessionListener: contextInitialized()
26-Oct-2021 18:53:38.036 INFO [main] org.apache.catalina.core.ApplicationContext.log ContextListener: attributeAdded('StockTicker', 'async.Stockticker@36ac8a63')
26-Oct-2021 18:57:11.768 INFO [main] org.apache.catalina.core.ApplicationContext.log ContextListener: contextInitialized()
26-Oct-2021 18:57:11.768 INFO [main] org.apache.catalina.core.ApplicationContext.log SessionListener: contextInitialized()
26-Oct-2021 18:57:11.769 INFO [main] org.apache.catalina.core.ApplicationContext.log ContextListener: attributeAdded('StockTicker', 'async.Stockticker@547e29a4')
26-Oct-2021 18:57:11.854 INFO [main] org.apache.catalina.core.ApplicationContext.log SessionListener: contextDestroyed()
26-Oct-2021 18:57:11.854 INFO [main] org.apache.catalina.core.ApplicationContext.log ContextListener: contextDestroyed()
26-Oct-2021 21:00:53.182 INFO [Thread-2] org.apache.catalina.core.ApplicationContext.log SessionListener: contextDestroyed()
26-Oct-2021 21:00:53.182 INFO [Thread-2] org.apache.catalina.core.ApplicationContext.log ContextListener: contextDestroyed()
